<?xml version="1.0" encoding="UTF-8"?>
<testsuite name="MusicAdvisorTest" tests="1" skipped="0" failures="1" errors="0" timestamp="2023-07-28T18:02:28" hostname="VUKROXPC" time="4.979">
  <properties/>
  <testcase name="start" classname="MusicAdvisorTest" time="4.979">
    <failure message="java.lang.AssertionError: Wrong answer in test #1&#10;&#10;Not found correct access token in the result. Make sure, that you use the server from the command line arguments to access the token.&#10;&#10;Please find below the output of your program during this failed test.&#10;Note that the '&gt;' character indicates the beginning of the input line.&#10;&#10;---&#10;&#10;Arguments: -access http://127.0.0.1:45678&#10;&#10;&gt; auth&#10;use this link to request the access code: &#10;https://accounts.spotify.com/authorize?client_id=0db1be20b0494973a17516bae8af091d&amp;redirect_uri=http://localhost:8181&amp;response_type=code&#10;waiting for code...&#10;Authorization code not found. Try again.&#10;Authorization code not found. Try again.&#10;Got the code. Return back to your program.&#10;Got the code. Return back to your program.&#10;making http request for access_token...&#10;http://127.0.0.1:45678&#10;https://accounts.spotify.com/http://127.0.0.1:45678 POST&#10;301&#10;Key is: :status&#10;301&#10;Key is: alt-svc&#10;h3=&quot;:443&quot;; ma=2592000,h3-29=&quot;:443&quot;; ma=2592000&#10;Key is: content-length&#10;162&#10;Key is: content-type&#10;text/html&#10;Key is: date&#10;Fri, 28 Jul 2023 18:02:32 GMT&#10;Key is: location&#10;https://www.spotify.com/int/why-not-available/&#10;Key is: server&#10;envoy&#10;Key is: sp-trace-id&#10;112751182ec0932a&#10;Key is: strict-transport-security&#10;max-age=31536000&#10;Key is: vary&#10;Accept-Encoding&#10;Key is: via&#10;HTTP/2 edgeproxy, 1.1 google&#10;Key is: x-content-type-options&#10;nosniff&#10;Key is: x-envoy-upstream-service-time&#10;10&#10;response:&#10;&lt;html&gt;&#10;&lt;head&gt;&lt;title&gt;301 Moved Permanently&lt;/title&gt;&lt;/head&gt;&#10;&lt;body&gt;&#10;&lt;center&gt;&lt;h1&gt;301 Moved Permanently&lt;/h1&gt;&lt;/center&gt;&#10;&lt;hr&gt;&lt;center&gt;nginx&lt;/center&gt;&#10;&lt;/body&gt;&#10;&lt;/html&gt;&#10;&#10;---SUCCESS---" type="java.lang.AssertionError">java.lang.AssertionError: Wrong answer in test #1

Not found correct access token in the result. Make sure, that you use the server from the command line arguments to access the token.

Please find below the output of your program during this failed test.
Note that the '&gt;' character indicates the beginning of the input line.

---

Arguments: -access http://127.0.0.1:45678

&gt; auth
use this link to request the access code: 
https://accounts.spotify.com/authorize?client_id=0db1be20b0494973a17516bae8af091d&amp;redirect_uri=http://localhost:8181&amp;response_type=code
waiting for code...
Authorization code not found. Try again.
Authorization code not found. Try again.
Got the code. Return back to your program.
Got the code. Return back to your program.
making http request for access_token...
http://127.0.0.1:45678
https://accounts.spotify.com/http://127.0.0.1:45678 POST
301
Key is: :status
301
Key is: alt-svc
h3=&quot;:443&quot;; ma=2592000,h3-29=&quot;:443&quot;; ma=2592000
Key is: content-length
162
Key is: content-type
text/html
Key is: date
Fri, 28 Jul 2023 18:02:32 GMT
Key is: location
https://www.spotify.com/int/why-not-available/
Key is: server
envoy
Key is: sp-trace-id
112751182ec0932a
Key is: strict-transport-security
max-age=31536000
Key is: vary
Accept-Encoding
Key is: via
HTTP/2 edgeproxy, 1.1 google
Key is: x-content-type-options
nosniff
Key is: x-envoy-upstream-service-time
10
response:
&lt;html&gt;
&lt;head&gt;&lt;title&gt;301 Moved Permanently&lt;/title&gt;&lt;/head&gt;
&lt;body&gt;
&lt;center&gt;&lt;h1&gt;301 Moved Permanently&lt;/h1&gt;&lt;/center&gt;
&lt;hr&gt;&lt;center&gt;nginx&lt;/center&gt;
&lt;/body&gt;
&lt;/html&gt;

---SUCCESS---
	at org.junit.Assert.fail(Assert.java:89)
	at org.hyperskill.hstest.stage.StageTest.start(StageTest.java:203)
	at java.base/jdk.internal.reflect.NativeMethodAccessorImpl.invoke0(Native Method)
	at java.base/jdk.internal.reflect.NativeMethodAccessorImpl.invoke(NativeMethodAccessorImpl.java:77)
	at java.base/jdk.internal.reflect.DelegatingMethodAccessorImpl.invoke(DelegatingMethodAccessorImpl.java:43)
	at java.base/java.lang.reflect.Method.invoke(Method.java:568)
	at org.junit.runners.model.FrameworkMethod$1.runReflectiveCall(FrameworkMethod.java:59)
	at org.junit.internal.runners.model.ReflectiveCallable.run(ReflectiveCallable.java:12)
	at org.junit.runners.model.FrameworkMethod.invokeExplosively(FrameworkMethod.java:56)
	at org.junit.internal.runners.statements.InvokeMethod.evaluate(InvokeMethod.java:17)
	at org.junit.runners.ParentRunner$3.evaluate(ParentRunner.java:306)
	at org.junit.runners.BlockJUnit4ClassRunner$1.evaluate(BlockJUnit4ClassRunner.java:100)
	at org.junit.runners.ParentRunner.runLeaf(ParentRunner.java:366)
	at org.junit.runners.BlockJUnit4ClassRunner.runChild(BlockJUnit4ClassRunner.java:103)
	at org.junit.runners.BlockJUnit4ClassRunner.runChild(BlockJUnit4ClassRunner.java:63)
	at org.junit.runners.ParentRunner$4.run(ParentRunner.java:331)
	at org.junit.runners.ParentRunner$1.schedule(ParentRunner.java:79)
	at org.junit.runners.ParentRunner.runChildren(ParentRunner.java:329)
	at org.junit.runners.ParentRunner.access$100(ParentRunner.java:66)
	at org.junit.runners.ParentRunner$2.evaluate(ParentRunner.java:293)
	at org.junit.internal.runners.statements.RunAfters.evaluate(RunAfters.java:27)
	at org.junit.runners.ParentRunner$3.evaluate(ParentRunner.java:306)
	at org.junit.runners.ParentRunner.run(ParentRunner.java:413)
	at org.gradle.api.internal.tasks.testing.junit.JUnitTestClassExecutor.runTestClass(JUnitTestClassExecutor.java:110)
	at org.gradle.api.internal.tasks.testing.junit.JUnitTestClassExecutor.execute(JUnitTestClassExecutor.java:58)
	at org.gradle.api.internal.tasks.testing.junit.JUnitTestClassExecutor.execute(JUnitTestClassExecutor.java:38)
	at org.gradle.api.internal.tasks.testing.junit.AbstractJUnitTestClassProcessor.processTestClass(AbstractJUnitTestClassProcessor.java:62)
	at org.gradle.api.internal.tasks.testing.SuiteTestClassProcessor.processTestClass(SuiteTestClassProcessor.java:51)
	at java.base/jdk.internal.reflect.NativeMethodAccessorImpl.invoke0(Native Method)
	at java.base/jdk.internal.reflect.NativeMethodAccessorImpl.invoke(NativeMethodAccessorImpl.java:77)
	at java.base/jdk.internal.reflect.DelegatingMethodAccessorImpl.invoke(DelegatingMethodAccessorImpl.java:43)
	at java.base/java.lang.reflect.Method.invoke(Method.java:568)
	at org.gradle.internal.dispatch.ReflectionDispatch.dispatch(ReflectionDispatch.java:36)
	at org.gradle.internal.dispatch.ReflectionDispatch.dispatch(ReflectionDispatch.java:24)
	at org.gradle.internal.dispatch.ContextClassLoaderDispatch.dispatch(ContextClassLoaderDispatch.java:33)
	at org.gradle.internal.dispatch.ProxyDispatchAdapter$DispatchingInvocationHandler.invoke(ProxyDispatchAdapter.java:94)
	at jdk.proxy1/jdk.proxy1.$Proxy2.processTestClass(Unknown Source)
	at org.gradle.api.internal.tasks.testing.worker.TestWorker$2.run(TestWorker.java:176)
	at org.gradle.api.internal.tasks.testing.worker.TestWorker.executeAndMaintainThreadName(TestWorker.java:129)
	at org.gradle.api.internal.tasks.testing.worker.TestWorker.execute(TestWorker.java:100)
	at org.gradle.api.internal.tasks.testing.worker.TestWorker.execute(TestWorker.java:60)
	at org.gradle.process.internal.worker.child.ActionExecutionWorker.execute(ActionExecutionWorker.java:56)
	at org.gradle.process.internal.worker.child.SystemApplicationClassLoaderWorker.call(SystemApplicationClassLoaderWorker.java:133)
	at org.gradle.process.internal.worker.child.SystemApplicationClassLoaderWorker.call(SystemApplicationClassLoaderWorker.java:71)
	at worker.org.gradle.process.internal.worker.GradleWorkerMain.run(GradleWorkerMain.java:69)
	at worker.org.gradle.process.internal.worker.GradleWorkerMain.main(GradleWorkerMain.java:74)
</failure>
  </testcase>
  <system-out><![CDATA[?[1;31m
Start test 1?[0m
> auth
use this link to request the access code: 
https://accounts.spotify.com/authorize?client_id=0db1be20b0494973a17516bae8af091d&redirect_uri=http://localhost:8181&response_type=code
waiting for code...
?[0;34mTester: making requests to redirect uri: http://localhost:8181
Authorization code not found. Try again.
?[0m?[0;34mTester: done request 1: Authorization code not found. Try again.
Authorization code not found. Try again.
?[0m?[0;34mTester: done request 2: Authorization code not found. Try again.
Got the code. Return back to your program.
?[0m?[0;34mTester: done request 3: Got the code. Return back to your program.
Got the code. Return back to your program.
making http request for access_token...
http://127.0.0.1:45678
https://accounts.spotify.com/http://127.0.0.1:45678 POST
301
Key is: :status
301
Key is: alt-svc
h3=":443"; ma=2592000,h3-29=":443"; ma=2592000
Key is: content-length
162
Key is: content-type
text/html
Key is: date
Fri, 28 Jul 2023 18:02:32 GMT
Key is: location
https://www.spotify.com/int/why-not-available/
Key is: server
envoy
Key is: sp-trace-id
112751182ec0932a
Key is: strict-transport-security
max-age=31536000
Key is: vary
Accept-Encoding
Key is: via
HTTP/2 edgeproxy, 1.1 google
Key is: x-content-type-options
nosniff
Key is: x-envoy-upstream-service-time
10
response:
<html>
<head><title>301 Moved Permanently</title></head>
<body>
<center><h1>301 Moved Permanently</h1></center>
<hr><center>nginx</center>
</body>
</html>

---SUCCESS---
]]></system-out>
  <system-err><![CDATA[]]></system-err>
</testsuite>
